[Sat Jun 03 00:48:41.427016 2023] [cgid:error] [pid 10] (98)Address in use: AH01243: Couldn't bind unix domain socket /run/apache2/cgisock.8
[Sat Jun 03 00:48:41.434773 2023] [core:warn] [pid 8] AH00098: pid file /run/apache2/httpd.pid overwritten -- Unclean shutdown of previous Apache run?
[Sat Jun 03 00:48:41.436263 2023] [mpm_prefork:notice] [pid 8] AH00163: Apache/2.4.39 (Unix) PHP/8.2.3 configured -- resuming normal operations
[Sat Jun 03 00:48:41.436283 2023] [core:notice] [pid 8] AH00094: Command line: 'httpd'
[Sat Jun 03 00:48:41.436347 2023] [cgid:crit] [pid 8] AH01238: cgid daemon failed to initialize
[Sat Jun 03 00:49:13.786661 2023] [core:warn] [pid 8] AH00098: pid file /run/apache2/httpd.pid overwritten -- Unclean shutdown of previous Apache run?
[Sat Jun 03 00:49:13.788692 2023] [mpm_prefork:notice] [pid 8] AH00163: Apache/2.4.39 (Unix) PHP/8.2.3 configured -- resuming normal operations
[Sat Jun 03 00:49:13.788717 2023] [core:notice] [pid 8] AH00094: Command line: 'httpd'
[Sat Jun 03 01:10:48.386580 2023] [mpm_prefork:notice] [pid 8] AH00163: Apache/2.4.39 (Unix) PHP/8.2.3 configured -- resuming normal operations
[Sat Jun 03 01:10:48.386611 2023] [core:notice] [pid 8] AH00094: Command line: 'httpd'
[Sat Jun 03 01:13:24.147833 2023] [mpm_prefork:notice] [pid 8] AH00163: Apache/2.4.39 (Unix) PHP/8.2.3 configured -- resuming normal operations
[Sat Jun 03 01:13:24.147865 2023] [core:notice] [pid 8] AH00094: Command line: 'httpd'
[Sat Jun 03 01:16:24.462886 2023] [mpm_prefork:notice] [pid 8] AH00163: Apache/2.4.39 (Unix) PHP/8.2.3 configured -- resuming normal operations
[Sat Jun 03 01:16:24.462925 2023] [core:notice] [pid 8] AH00094: Command line: 'httpd'
[Sat Jun 03 01:17:48.220537 2023] [mpm_prefork:notice] [pid 8] AH00163: Apache/2.4.39 (Unix) PHP/8.2.3 configured -- resuming normal operations
[Sat Jun 03 01:17:48.220567 2023] [core:notice] [pid 8] AH00094: Command line: 'httpd'
[Mon Jun 05 08:12:16.043744 2023] [php:warn] [pid 13] [client 172.24.0.1:53138] PHP Warning:  Undefined variable $response in /var/www/localhost/htdocs/index.php on line 145
[Mon Jun 05 08:54:17.116570 2023] [mpm_prefork:notice] [pid 8] AH00163: Apache/2.4.39 (Unix) PHP/8.2.3 configured -- resuming normal operations
[Mon Jun 05 08:54:17.116599 2023] [core:notice] [pid 8] AH00094: Command line: 'httpd'
[Mon Jun 05 09:16:14.981139 2023] [mpm_prefork:notice] [pid 8] AH00163: Apache/2.4.39 (Unix) PHP/8.2.3 configured -- resuming normal operations
[Mon Jun 05 09:16:14.981168 2023] [core:notice] [pid 8] AH00094: Command line: 'httpd'
[Mon Jun 05 10:33:19.166263 2023] [mpm_prefork:notice] [pid 8] AH00163: Apache/2.4.39 (Unix) PHP/8.2.3 configured -- resuming normal operations
[Mon Jun 05 10:33:19.166293 2023] [core:notice] [pid 8] AH00094: Command line: 'httpd'
[Mon Jun 05 10:41:50.299416 2023] [mpm_prefork:notice] [pid 8] AH00163: Apache/2.4.39 (Unix) PHP/8.2.3 configured -- resuming normal operations
[Mon Jun 05 10:41:50.299450 2023] [core:notice] [pid 8] AH00094: Command line: 'httpd'
[Mon Jun 05 10:44:05.186890 2023] [mpm_prefork:notice] [pid 8] AH00163: Apache/2.4.39 (Unix) PHP/8.2.3 configured -- resuming normal operations
[Mon Jun 05 10:44:05.186929 2023] [core:notice] [pid 8] AH00094: Command line: 'httpd'
[Mon Jun 05 10:49:50.269848 2023] [mpm_prefork:notice] [pid 8] AH00163: Apache/2.4.39 (Unix) PHP/8.2.3 configured -- resuming normal operations
[Mon Jun 05 10:49:50.269884 2023] [core:notice] [pid 8] AH00094: Command line: 'httpd'
[Mon Jun 05 10:54:34.479651 2023] [mpm_prefork:notice] [pid 8] AH00163: Apache/2.4.39 (Unix) PHP/8.2.3 configured -- resuming normal operations
[Mon Jun 05 10:54:34.479683 2023] [core:notice] [pid 8] AH00094: Command line: 'httpd'
[Mon Jun 05 15:31:17.072931 2023] [mpm_prefork:notice] [pid 60] AH00163: Apache/2.4.43 (Unix) configured -- resuming normal operations
[Mon Jun 05 15:31:17.073007 2023] [core:notice] [pid 60] AH00094: Command line: 'httpd'
[Mon Jun 05 15:31:41.562323 2023] [core:warn] [pid 8] AH00098: pid file /run/apache2/httpd.pid overwritten -- Unclean shutdown of previous Apache run?
[Mon Jun 05 15:31:41.564321 2023] [mpm_prefork:notice] [pid 8] AH00163: Apache/2.4.43 (Unix) configured -- resuming normal operations
[Mon Jun 05 15:31:41.564377 2023] [core:notice] [pid 8] AH00094: Command line: 'httpd'
[Mon Jun 05 15:39:19.515828 2023] [core:warn] [pid 8] AH00098: pid file /run/apache2/httpd.pid overwritten -- Unclean shutdown of previous Apache run?
[Mon Jun 05 15:39:19.516190 2023] [cgid:error] [pid 10] (98)Address in use: AH01243: Couldn't bind unix domain socket /run/apache2/cgisock.8
[Mon Jun 05 15:39:19.518167 2023] [mpm_prefork:notice] [pid 8] AH00163: Apache/2.4.43 (Unix) configured -- resuming normal operations
[Mon Jun 05 15:39:19.518202 2023] [core:notice] [pid 8] AH00094: Command line: 'httpd'
[Mon Jun 05 15:39:19.518308 2023] [cgid:crit] [pid 8] AH01238: cgid daemon failed to initialize
[Mon Jun 05 15:43:04.415984 2023] [mpm_prefork:notice] [pid 8] AH00169: caught SIGTERM, shutting down
[Mon Jun 05 15:43:11.237971 2023] [mpm_prefork:notice] [pid 27] AH00163: Apache/2.4.43 (Unix) configured -- resuming normal operations
[Mon Jun 05 15:43:11.238045 2023] [core:notice] [pid 27] AH00094: Command line: 'httpd'
[Mon Jun 05 16:24:17.333678 2023] [so:warn] [pid 8] AH01574: module php_module is already loaded, skipping
[Mon Jun 05 16:24:17.346755 2023] [core:warn] [pid 9] AH00098: pid file /run/apache2/httpd.pid overwritten -- Unclean shutdown of previous Apache run?
[Mon Jun 05 16:24:17.348202 2023] [mpm_prefork:notice] [pid 9] AH00163: Apache/2.4.43 (Unix) PHP/8.2.3 configured -- resuming normal operations
[Mon Jun 05 16:24:17.348225 2023] [core:notice] [pid 9] AH00094: Command line: 'httpd'
[Mon Jun 05 16:36:26.794407 2023] [mpm_prefork:notice] [pid 8] AH00163: Apache/2.4.43 (Unix) PHP/8.2.3 configured -- resuming normal operations
[Mon Jun 05 16:36:26.794452 2023] [core:notice] [pid 8] AH00094: Command line: 'httpd'
[Mon Jun 05 16:38:15.539228 2023] [cgid:error] [pid 10] (98)Address in use: AH01243: Couldn't bind unix domain socket /run/apache2/cgisock.8
[Mon Jun 05 16:38:15.547102 2023] [core:warn] [pid 8] AH00098: pid file /run/apache2/httpd.pid overwritten -- Unclean shutdown of previous Apache run?
[Mon Jun 05 16:38:15.548560 2023] [mpm_prefork:notice] [pid 8] AH00163: Apache/2.4.43 (Unix) PHP/8.2.3 configured -- resuming normal operations
[Mon Jun 05 16:38:15.548583 2023] [core:notice] [pid 8] AH00094: Command line: 'httpd'
[Mon Jun 05 16:38:15.548650 2023] [cgid:crit] [pid 8] AH01238: cgid daemon failed to initialize
[Mon Jun 05 16:39:55.844109 2023] [core:warn] [pid 8] AH00098: pid file /run/apache2/httpd.pid overwritten -- Unclean shutdown of previous Apache run?
[Mon Jun 05 16:39:55.845565 2023] [mpm_prefork:notice] [pid 8] AH00163: Apache/2.4.43 (Unix) PHP/8.2.3 configured -- resuming normal operations
[Mon Jun 05 16:39:55.845585 2023] [core:notice] [pid 8] AH00094: Command line: 'httpd'
[Mon Jun 05 16:41:35.005208 2023] [cgid:error] [pid 10] (98)Address in use: AH01243: Couldn't bind unix domain socket /run/apache2/cgisock.8
[Mon Jun 05 16:41:35.010595 2023] [core:warn] [pid 8] AH00098: pid file /run/apache2/httpd.pid overwritten -- Unclean shutdown of previous Apache run?
[Mon Jun 05 16:41:35.012619 2023] [mpm_prefork:notice] [pid 8] AH00163: Apache/2.4.43 (Unix) PHP/8.2.3 configured -- resuming normal operations
[Mon Jun 05 16:41:35.012650 2023] [core:notice] [pid 8] AH00094: Command line: 'httpd'
[Mon Jun 05 16:41:35.012739 2023] [cgid:crit] [pid 8] AH01238: cgid daemon failed to initialize
[Mon Jun 05 16:42:21.936098 2023] [core:warn] [pid 8] AH00098: pid file /run/apache2/httpd.pid overwritten -- Unclean shutdown of previous Apache run?
[Mon Jun 05 16:42:21.937775 2023] [mpm_prefork:notice] [pid 8] AH00163: Apache/2.4.43 (Unix) PHP/8.2.3 configured -- resuming normal operations
[Mon Jun 05 16:42:21.937796 2023] [core:notice] [pid 8] AH00094: Command line: 'httpd'
[Mon Jun 05 16:45:46.213637 2023] [cgid:error] [pid 10] (98)Address in use: AH01243: Couldn't bind unix domain socket /run/apache2/cgisock.8
[Mon Jun 05 16:45:46.218333 2023] [core:warn] [pid 8] AH00098: pid file /run/apache2/httpd.pid overwritten -- Unclean shutdown of previous Apache run?
[Mon Jun 05 16:45:46.219860 2023] [mpm_prefork:notice] [pid 8] AH00163: Apache/2.4.43 (Unix) PHP/8.2.3 configured -- resuming normal operations
[Mon Jun 05 16:45:46.219883 2023] [core:notice] [pid 8] AH00094: Command line: 'httpd'
[Mon Jun 05 16:45:46.219952 2023] [cgid:crit] [pid 8] AH01238: cgid daemon failed to initialize
[Mon Jun 05 16:46:55.651003 2023] [core:warn] [pid 8] AH00098: pid file /run/apache2/httpd.pid overwritten -- Unclean shutdown of previous Apache run?
[Mon Jun 05 16:46:55.652519 2023] [mpm_prefork:notice] [pid 8] AH00163: Apache/2.4.43 (Unix) PHP/8.2.3 configured -- resuming normal operations
[Mon Jun 05 16:46:55.652544 2023] [core:notice] [pid 8] AH00094: Command line: 'httpd'
[Mon Jun 05 16:48:22.985792 2023] [cgid:error] [pid 10] (98)Address in use: AH01243: Couldn't bind unix domain socket /run/apache2/cgisock.8
[Mon Jun 05 16:48:22.993829 2023] [core:warn] [pid 8] AH00098: pid file /run/apache2/httpd.pid overwritten -- Unclean shutdown of previous Apache run?
[Mon Jun 05 16:48:22.995428 2023] [mpm_prefork:notice] [pid 8] AH00163: Apache/2.4.43 (Unix) PHP/8.2.3 configured -- resuming normal operations
[Mon Jun 05 16:48:22.995449 2023] [core:notice] [pid 8] AH00094: Command line: 'httpd'
[Mon Jun 05 16:48:22.995516 2023] [cgid:crit] [pid 8] AH01238: cgid daemon failed to initialize
[Mon Jun 05 16:49:55.644663 2023] [core:warn] [pid 8] AH00098: pid file /run/apache2/httpd.pid overwritten -- Unclean shutdown of previous Apache run?
[Mon Jun 05 16:49:55.646157 2023] [mpm_prefork:notice] [pid 8] AH00163: Apache/2.4.43 (Unix) PHP/8.2.3 configured -- resuming normal operations
[Mon Jun 05 16:49:55.646179 2023] [core:notice] [pid 8] AH00094: Command line: 'httpd'
[Mon Jun 05 16:52:58.898641 2023] [cgid:error] [pid 10] (98)Address in use: AH01243: Couldn't bind unix domain socket /run/apache2/cgisock.8
[Mon Jun 05 16:52:58.904769 2023] [core:warn] [pid 8] AH00098: pid file /run/apache2/httpd.pid overwritten -- Unclean shutdown of previous Apache run?
[Mon Jun 05 16:52:58.906228 2023] [mpm_prefork:notice] [pid 8] AH00163: Apache/2.4.43 (Unix) PHP/8.2.3 configured -- resuming normal operations
[Mon Jun 05 16:52:58.906251 2023] [core:notice] [pid 8] AH00094: Command line: 'httpd'
[Mon Jun 05 16:52:58.906318 2023] [cgid:crit] [pid 8] AH01238: cgid daemon failed to initialize
[Mon Jun 05 16:54:44.182727 2023] [core:warn] [pid 8] AH00098: pid file /run/apache2/httpd.pid overwritten -- Unclean shutdown of previous Apache run?
[Mon Jun 05 16:54:44.184224 2023] [mpm_prefork:notice] [pid 8] AH00163: Apache/2.4.43 (Unix) PHP/8.2.3 configured -- resuming normal operations
[Mon Jun 05 16:54:44.184245 2023] [core:notice] [pid 8] AH00094: Command line: 'httpd'
[Mon Jun 05 16:55:00.939277 2023] [cgid:error] [pid 10] (98)Address in use: AH01243: Couldn't bind unix domain socket /run/apache2/cgisock.8
[Mon Jun 05 16:55:00.945092 2023] [core:warn] [pid 8] AH00098: pid file /run/apache2/httpd.pid overwritten -- Unclean shutdown of previous Apache run?
[Mon Jun 05 16:55:00.946561 2023] [mpm_prefork:notice] [pid 8] AH00163: Apache/2.4.43 (Unix) PHP/8.2.3 configured -- resuming normal operations
[Mon Jun 05 16:55:00.946583 2023] [core:notice] [pid 8] AH00094: Command line: 'httpd'
[Mon Jun 05 16:55:00.946655 2023] [cgid:crit] [pid 8] AH01238: cgid daemon failed to initialize
[Mon Jun 05 17:00:05.522487 2023] [core:warn] [pid 8] AH00098: pid file /run/apache2/httpd.pid overwritten -- Unclean shutdown of previous Apache run?
[Mon Jun 05 17:00:05.523973 2023] [mpm_prefork:notice] [pid 8] AH00163: Apache/2.4.43 (Unix) PHP/8.2.3 configured -- resuming normal operations
[Mon Jun 05 17:00:05.523993 2023] [core:notice] [pid 8] AH00094: Command line: 'httpd'
[Mon Jun 05 17:03:11.070037 2023] [cgid:error] [pid 10] (98)Address in use: AH01243: Couldn't bind unix domain socket /run/apache2/cgisock.8
[Mon Jun 05 17:03:11.076603 2023] [core:warn] [pid 8] AH00098: pid file /run/apache2/httpd.pid overwritten -- Unclean shutdown of previous Apache run?
[Mon Jun 05 17:03:11.078195 2023] [mpm_prefork:notice] [pid 8] AH00163: Apache/2.4.43 (Unix) PHP/8.2.3 configured -- resuming normal operations
[Mon Jun 05 17:03:11.078231 2023] [core:notice] [pid 8] AH00094: Command line: 'httpd'
[Mon Jun 05 17:03:11.078301 2023] [cgid:crit] [pid 8] AH01238: cgid daemon failed to initialize
[Mon Jun 05 17:04:46.415558 2023] [core:warn] [pid 8] AH00098: pid file /run/apache2/httpd.pid overwritten -- Unclean shutdown of previous Apache run?
[Mon Jun 05 17:04:46.416979 2023] [mpm_prefork:notice] [pid 8] AH00163: Apache/2.4.43 (Unix) PHP/8.2.3 configured -- resuming normal operations
[Mon Jun 05 17:04:46.416999 2023] [core:notice] [pid 8] AH00094: Command line: 'httpd'
[Mon Jun 05 17:11:09.008694 2023] [cgid:error] [pid 10] (98)Address in use: AH01243: Couldn't bind unix domain socket /run/apache2/cgisock.8
PHP Warning:  PHP Startup: Unable to load dynamic library '/usr/lib/php7/modules/mysqli.so' (tried: /usr/lib/php7/modules/mysqli.so (Error relocating /usr/lib/php7/modules/mysqli.so: _zend_hash_str_update: symbol not found), /usr/local/lib/php/extensions/no-debug-non-zts-20220829//usr/lib/php7/modules/mysqli.so.so (Error loading shared library /usr/local/lib/php/extensions/no-debug-non-zts-20220829//usr/lib/php7/modules/mysqli.so.so: No such file or directory)) in Unknown on line 0
[Mon Jun 05 17:11:09.017939 2023] [core:warn] [pid 8] AH00098: pid file /run/apache2/httpd.pid overwritten -- Unclean shutdown of previous Apache run?
[Mon Jun 05 17:11:09.019709 2023] [mpm_prefork:notice] [pid 8] AH00163: Apache/2.4.43 (Unix) PHP/8.2.3 configured -- resuming normal operations
[Mon Jun 05 17:11:09.019733 2023] [core:notice] [pid 8] AH00094: Command line: 'httpd'
[Mon Jun 05 17:11:09.019806 2023] [cgid:crit] [pid 8] AH01238: cgid daemon failed to initialize
[Mon Jun 05 17:17:34.322450 2023] [core:warn] [pid 8] AH00098: pid file /run/apache2/httpd.pid overwritten -- Unclean shutdown of previous Apache run?
[Mon Jun 05 17:17:34.324025 2023] [mpm_prefork:notice] [pid 8] AH00163: Apache/2.4.43 (Unix) PHP/8.2.3 configured -- resuming normal operations
[Mon Jun 05 17:17:34.324046 2023] [core:notice] [pid 8] AH00094: Command line: 'httpd'
[Mon Jun 05 17:31:11.585471 2023] [cgid:error] [pid 10] (98)Address in use: AH01243: Couldn't bind unix domain socket /run/apache2/cgisock.8
PHP Warning:  PHP Startup: Unable to load dynamic library '/usr/lib/php7/modules/mysqli.so' (tried: /usr/lib/php7/modules/mysqli.so (Error relocating /usr/lib/php7/modules/mysqli.so: _zend_hash_str_update: symbol not found), /usr/local/lib/php/extensions/no-debug-non-zts-20220829//usr/lib/php7/modules/mysqli.so.so (Error loading shared library /usr/local/lib/php/extensions/no-debug-non-zts-20220829//usr/lib/php7/modules/mysqli.so.so: No such file or directory)) in Unknown on line 0
[Mon Jun 05 17:31:11.592837 2023] [core:warn] [pid 8] AH00098: pid file /run/apache2/httpd.pid overwritten -- Unclean shutdown of previous Apache run?
[Mon Jun 05 17:31:11.594299 2023] [mpm_prefork:notice] [pid 8] AH00163: Apache/2.4.43 (Unix) PHP/8.2.3 configured -- resuming normal operations
[Mon Jun 05 17:31:11.594320 2023] [core:notice] [pid 8] AH00094: Command line: 'httpd'
[Mon Jun 05 17:31:11.594390 2023] [cgid:crit] [pid 8] AH01238: cgid daemon failed to initialize
[Mon Jun 05 18:06:43.811865 2023] [mpm_prefork:notice] [pid 8] AH00163: Apache/2.4.56 (Unix) PHP/8.2.3 configured -- resuming normal operations
[Mon Jun 05 18:06:43.811894 2023] [core:notice] [pid 8] AH00094: Command line: 'httpd'
[Mon Jun 05 18:08:32.473404 2023] [core:warn] [pid 7] AH00098: pid file /run/apache2/httpd.pid overwritten -- Unclean shutdown of previous Apache run?
[Mon Jun 05 18:08:32.475186 2023] [mpm_prefork:notice] [pid 7] AH00163: Apache/2.4.56 (Unix) PHP/8.2.3 configured -- resuming normal operations
[Mon Jun 05 18:08:32.475208 2023] [core:notice] [pid 7] AH00094: Command line: 'httpd'
[Mon Jun 05 18:23:38.307785 2023] [mpm_prefork:notice] [pid 8] AH00163: Apache/2.4.56 (Unix) PHP/8.2.3 configured -- resuming normal operations
[Mon Jun 05 18:23:38.307820 2023] [core:notice] [pid 8] AH00094: Command line: 'httpd'
[Mon Jun 05 18:52:16.362722 2023] [cgid:error] [pid 10] (98)Address in use: AH01243: Couldn't bind unix domain socket /run/apache2/cgisock.8
[Mon Jun 05 18:52:16.372690 2023] [core:warn] [pid 8] AH00098: pid file /run/apache2/httpd.pid overwritten -- Unclean shutdown of previous Apache run?
[Mon Jun 05 18:52:16.374461 2023] [mpm_prefork:notice] [pid 8] AH00163: Apache/2.4.56 (Unix) PHP/8.2.3 configured -- resuming normal operations
[Mon Jun 05 18:52:16.374486 2023] [core:notice] [pid 8] AH00094: Command line: 'httpd'
[Mon Jun 05 18:52:16.374549 2023] [cgid:crit] [pid 8] AH01238: cgid daemon failed to initialize
[Mon Jun 05 18:57:34.056852 2023] [mpm_prefork:notice] [pid 8] AH00163: Apache/2.4.56 (Unix) PHP/8.2.3 configured -- resuming normal operations
[Mon Jun 05 18:57:34.056895 2023] [core:notice] [pid 8] AH00094: Command line: 'httpd'
[Mon Jun 05 18:59:44.621601 2023] [mpm_prefork:notice] [pid 8] AH00163: Apache/2.4.56 (Unix) PHP/8.2.3 configured -- resuming normal operations
[Mon Jun 05 18:59:44.621635 2023] [core:notice] [pid 8] AH00094: Command line: 'httpd'
[Mon Jun 05 19:14:17.588229 2023] [mpm_prefork:notice] [pid 8] AH00163: Apache/2.4.56 (Unix) PHP/8.2.3 configured -- resuming normal operations
[Mon Jun 05 19:14:17.588260 2023] [core:notice] [pid 8] AH00094: Command line: 'httpd'
[Mon Jun 05 19:20:27.537409 2023] [cgid:error] [pid 10] (98)Address in use: AH01243: Couldn't bind unix domain socket /run/apache2/cgisock.8
[Mon Jun 05 19:20:27.546854 2023] [core:warn] [pid 8] AH00098: pid file /run/apache2/httpd.pid overwritten -- Unclean shutdown of previous Apache run?
[Mon Jun 05 19:20:27.548636 2023] [mpm_prefork:notice] [pid 8] AH00163: Apache/2.4.56 (Unix) PHP/8.2.3 configured -- resuming normal operations
[Mon Jun 05 19:20:27.548659 2023] [core:notice] [pid 8] AH00094: Command line: 'httpd'
[Mon Jun 05 19:20:27.548722 2023] [cgid:crit] [pid 8] AH01238: cgid daemon failed to initialize
[Mon Jun 05 19:26:33.666547 2023] [core:warn] [pid 8] AH00098: pid file /run/apache2/httpd.pid overwritten -- Unclean shutdown of previous Apache run?
[Mon Jun 05 19:26:33.669199 2023] [mpm_prefork:notice] [pid 8] AH00163: Apache/2.4.56 (Unix) PHP/8.2.3 configured -- resuming normal operations
[Mon Jun 05 19:26:33.669221 2023] [core:notice] [pid 8] AH00094: Command line: 'httpd'
[Mon Jun 05 19:50:49.251446 2023] [cgid:error] [pid 10] (98)Address in use: AH01243: Couldn't bind unix domain socket /run/apache2/cgisock.8
[Mon Jun 05 19:50:49.298142 2023] [core:warn] [pid 8] AH00098: pid file /run/apache2/httpd.pid overwritten -- Unclean shutdown of previous Apache run?
[Mon Jun 05 19:50:49.301356 2023] [mpm_prefork:notice] [pid 8] AH00163: Apache/2.4.56 (Unix) PHP/8.2.3 configured -- resuming normal operations
[Mon Jun 05 19:50:49.301378 2023] [core:notice] [pid 8] AH00094: Command line: 'httpd'
[Mon Jun 05 19:50:49.301422 2023] [cgid:crit] [pid 8] AH01238: cgid daemon failed to initialize
[Mon Jun 05 20:04:50.768118 2023] [core:warn] [pid 8] AH00098: pid file /run/apache2/httpd.pid overwritten -- Unclean shutdown of previous Apache run?
[Mon Jun 05 20:04:50.769971 2023] [mpm_prefork:notice] [pid 8] AH00163: Apache/2.4.56 (Unix) PHP/8.2.3 configured -- resuming normal operations
[Mon Jun 05 20:04:50.769988 2023] [core:notice] [pid 8] AH00094: Command line: 'httpd'
[Mon Jun 05 20:42:53.572561 2023] [mpm_prefork:notice] [pid 8] AH00163: Apache/2.4.56 (Unix) PHP/8.2.3 configured -- resuming normal operations
[Mon Jun 05 20:42:53.572956 2023] [core:notice] [pid 8] AH00094: Command line: 'httpd'
[Mon Jun 05 20:51:26.826401 2023] [core:warn] [pid 8] AH00098: pid file /run/apache2/httpd.pid overwritten -- Unclean shutdown of previous Apache run?
[Mon Jun 05 20:51:26.828230 2023] [mpm_prefork:notice] [pid 8] AH00163: Apache/2.4.56 (Unix) PHP/8.2.3 configured -- resuming normal operations
[Mon Jun 05 20:51:26.828251 2023] [core:notice] [pid 8] AH00094: Command line: 'httpd'
[Tue Jun 06 05:49:20.550136 2023] [cgid:error] [pid 10] (98)Address in use: AH01243: Couldn't bind unix domain socket /run/apache2/cgisock.8
[Tue Jun 06 05:49:20.582316 2023] [core:warn] [pid 8] AH00098: pid file /run/apache2/httpd.pid overwritten -- Unclean shutdown of previous Apache run?
[Tue Jun 06 05:49:20.584345 2023] [mpm_prefork:notice] [pid 8] AH00163: Apache/2.4.56 (Unix) PHP/8.2.3 configured -- resuming normal operations
[Tue Jun 06 05:49:20.584366 2023] [core:notice] [pid 8] AH00094: Command line: 'httpd'
[Tue Jun 06 05:49:20.584433 2023] [cgid:crit] [pid 8] AH01238: cgid daemon failed to initialize
[Tue Jun 06 06:55:17.026391 2023] [mpm_prefork:notice] [pid 8] AH00163: Apache/2.4.56 (Unix) PHP/8.2.3 configured -- resuming normal operations
[Tue Jun 06 06:55:17.026642 2023] [core:notice] [pid 8] AH00094: Command line: 'httpd'
[Tue Jun 06 06:58:47.621973 2023] [mpm_prefork:notice] [pid 8] AH00163: Apache/2.4.56 (Unix) PHP/8.2.3 configured -- resuming normal operations
[Tue Jun 06 06:58:47.622003 2023] [core:notice] [pid 8] AH00094: Command line: 'httpd'
[Tue Jun 06 07:11:10.592056 2023] [mpm_prefork:notice] [pid 8] AH00163: Apache/2.4.56 (Unix) PHP/8.2.3 configured -- resuming normal operations
[Tue Jun 06 07:11:10.592085 2023] [core:notice] [pid 8] AH00094: Command line: 'httpd'
[Tue Jun 06 07:15:43.135394 2023] [mpm_prefork:notice] [pid 8] AH00163: Apache/2.4.56 (Unix) PHP/8.2.3 configured -- resuming normal operations
[Tue Jun 06 07:15:43.135424 2023] [core:notice] [pid 8] AH00094: Command line: 'httpd'
[Tue Jun 06 07:22:12.733600 2023] [mpm_prefork:notice] [pid 8] AH00163: Apache/2.4.56 (Unix) PHP/8.2.3 configured -- resuming normal operations
[Tue Jun 06 07:22:12.733641 2023] [core:notice] [pid 8] AH00094: Command line: 'httpd'
[Tue Jun 06 07:43:21.371315 2023] [cgid:error] [pid 10] (98)Address in use: AH01243: Couldn't bind unix domain socket /run/apache2/cgisock.8
[Tue Jun 06 07:43:21.381273 2023] [core:warn] [pid 8] AH00098: pid file /run/apache2/httpd.pid overwritten -- Unclean shutdown of previous Apache run?
[Tue Jun 06 07:43:21.383075 2023] [mpm_prefork:notice] [pid 8] AH00163: Apache/2.4.56 (Unix) PHP/8.2.3 configured -- resuming normal operations
[Tue Jun 06 07:43:21.383098 2023] [core:notice] [pid 8] AH00094: Command line: 'httpd'
[Tue Jun 06 07:43:21.383162 2023] [cgid:crit] [pid 8] AH01238: cgid daemon failed to initialize
[Tue Jun 06 08:13:13.268868 2023] [core:warn] [pid 8] AH00098: pid file /run/apache2/httpd.pid overwritten -- Unclean shutdown of previous Apache run?
[Tue Jun 06 08:13:13.270555 2023] [mpm_prefork:notice] [pid 8] AH00163: Apache/2.4.56 (Unix) PHP/8.2.3 configured -- resuming normal operations
[Tue Jun 06 08:13:13.270579 2023] [core:notice] [pid 8] AH00094: Command line: 'httpd'
[Tue Jun 06 08:20:41.930709 2023] [cgid:error] [pid 10] (98)Address in use: AH01243: Couldn't bind unix domain socket /run/apache2/cgisock.8
[Tue Jun 06 08:20:41.940136 2023] [core:warn] [pid 8] AH00098: pid file /run/apache2/httpd.pid overwritten -- Unclean shutdown of previous Apache run?
[Tue Jun 06 08:20:41.941798 2023] [mpm_prefork:notice] [pid 8] AH00163: Apache/2.4.56 (Unix) PHP/8.2.3 OpenSSL/1.1.1u configured -- resuming normal operations
[Tue Jun 06 08:20:41.941820 2023] [core:notice] [pid 8] AH00094: Command line: 'httpd'
[Tue Jun 06 08:20:41.941880 2023] [cgid:crit] [pid 8] AH01238: cgid daemon failed to initialize
[Tue Jun 06 11:24:13.267740 2023] [mpm_prefork:notice] [pid 8] AH00163: Apache/2.4.56 (Unix) PHP/8.2.3 configured -- resuming normal operations
[Tue Jun 06 11:24:13.267779 2023] [core:notice] [pid 8] AH00094: Command line: 'httpd'
[Tue Jun 06 19:10:08.788441 2023] [mpm_prefork:notice] [pid 8] AH00163: Apache/2.4.56 (Unix) PHP/8.2.3 OpenSSL/1.1.1u configured -- resuming normal operations
[Tue Jun 06 19:10:08.788467 2023] [core:notice] [pid 8] AH00094: Command line: 'httpd'
